<?xml version="1.0" encoding="UTF-8"?>
<!-- Generated by org.testng.reporters.JUnitXMLReporter -->
<testsuite ignored="2" hostname="LAPTOP-RI7JP09I" failures="0" tests="2" name="QA" time="32.597" errors="0" timestamp="27 Jul 2022 07:38:16 GMT">
  <testcase classname="script.ValidLogin" name="testValidLogin" time="8.274"/>
  <testcase classname="script.InvalidLogin" name="testInvalidLogin" time="2.102"/>
  <testcase classname="generic.BaseTest" name="@BeforeSuite createReport" time="0.0">
    <ignored/>
  </testcase> <!-- @BeforeSuite createReport -->
  <testcase classname="generic.BaseTest" name="@AfterSuite publishReport" time="0.0">
    <ignored/>
  </testcase> <!-- @AfterSuite publishReport -->
</testsuite> <!-- QA -->
