<?xml version="1.0" encoding="UTF-8"?>
<!-- Generated by org.testng.reporters.JUnitXMLReporter -->
<testsuite ignored="2" hostname="LAPTOP-RI7JP09I" failures="0" tests="2" name="QA" time="19.628" errors="0" timestamp="02 Aug 2022 10:18:49 GMT">
  <testcase classname="script.ValidLogin" name="testValidLogin" time="4.147"/>
  <testcase classname="script.InvalidLogin" name="testInvalidLogin" time="1.179"/>
  <testcase classname="generic.BaseTest" name="@BeforeSuite createReport" time="0.0">
    <ignored/>
  </testcase> <!-- @BeforeSuite createReport -->
  <testcase classname="generic.BaseTest" name="@AfterSuite publishReport" time="0.0">
    <ignored/>
  </testcase> <!-- @AfterSuite publishReport -->
</testsuite> <!-- QA -->
