<?xml version="1.0" encoding="UTF-8"?>
<testng-results ignored="2" total="4" passed="2" failed="0" skipped="0">
  <reporter-output>
  </reporter-output>
  <suite started-at="2022-08-23T09:47:50Z" name="Suite" finished-at="2022-08-23T09:48:12Z" duration-ms="21926">
    <groups>
    </groups>
    <test started-at="2022-08-23T09:47:50Z" name="QA" finished-at="2022-08-23T09:48:12Z" duration-ms="21926">
      <class name="script.InvalidLogin">
        <test-method is-config="true" signature="createReport()[pri:0, instance:script.InvalidLogin@5ae50ce6]" started-at="2022-08-23T09:47:50Z" name="createReport" finished-at="2022-08-23T09:47:50Z" duration-ms="203" status="PASS">
          <reporter-output>
          </reporter-output>
        </test-method> <!-- createReport -->
        <test-method is-config="true" signature="openApp(java.lang.reflect.Method, java.lang.String)[pri:0, instance:script.InvalidLogin@5ae50ce6]" started-at="2022-08-23T09:48:04Z" name="openApp" finished-at="2022-08-23T09:48:11Z" duration-ms="6766" status="PASS">
          <params>
            <param index="0">
              <value>
                <![CDATA[public void script.InvalidLogin.testInvalidLogin()]]>
              </value>
            </param>
            <param index="1">
              <value>
                <![CDATA[config.properties]]>
              </value>
            </param>
          </params>
          <reporter-output>
          </reporter-output>
        </test-method> <!-- openApp -->
        <test-method signature="testInvalidLogin()[pri:2, instance:script.InvalidLogin@5ae50ce6]" started-at="2022-08-23T09:48:11Z" name="testInvalidLogin" finished-at="2022-08-23T09:48:12Z" duration-ms="1444" status="PASS">
          <reporter-output>
          </reporter-output>
        </test-method> <!-- testInvalidLogin -->
        <test-method is-config="true" signature="closeApp(org.testng.ITestResult)[pri:0, instance:script.InvalidLogin@5ae50ce6]" started-at="2022-08-23T09:48:12Z" name="closeApp" finished-at="2022-08-23T09:48:12Z" duration-ms="196" status="PASS">
          <params>
            <param index="0">
              <value>
                <![CDATA[[TestResult name=testInvalidLogin status=SUCCESS method=InvalidLogin.testInvalidLogin()[pri:2, instance:script.InvalidLogin@5ae50ce6] output={null}]]]>
              </value>
            </param>
          </params>
          <reporter-output>
          </reporter-output>
        </test-method> <!-- closeApp -->
        <test-method is-config="true" signature="publishReport()[pri:0, instance:script.InvalidLogin@5ae50ce6]" started-at="2022-08-23T09:48:12Z" name="publishReport" finished-at="2022-08-23T09:48:13Z" duration-ms="333" status="PASS">
          <reporter-output>
          </reporter-output>
        </test-method> <!-- publishReport -->
      </class> <!-- script.InvalidLogin -->
      <class name="script.ValidLogin">
        <test-method is-config="true" signature="openApp(java.lang.reflect.Method, java.lang.String)[pri:0, instance:script.ValidLogin@6f96c77]" started-at="2022-08-23T09:47:50Z" name="openApp" finished-at="2022-08-23T09:47:58Z" duration-ms="7608" status="PASS">
          <params>
            <param index="0">
              <value>
                <![CDATA[public void script.ValidLogin.testValidLogin()]]>
              </value>
            </param>
            <param index="1">
              <value>
                <![CDATA[config.properties]]>
              </value>
            </param>
          </params>
          <reporter-output>
          </reporter-output>
        </test-method> <!-- openApp -->
        <test-method signature="testValidLogin()[pri:1, instance:script.ValidLogin@6f96c77]" started-at="2022-08-23T09:47:58Z" name="testValidLogin" finished-at="2022-08-23T09:48:04Z" duration-ms="5655" status="PASS">
          <reporter-output>
          </reporter-output>
        </test-method> <!-- testValidLogin -->
        <test-method is-config="true" signature="closeApp(org.testng.ITestResult)[pri:0, instance:script.ValidLogin@6f96c77]" started-at="2022-08-23T09:48:04Z" name="closeApp" finished-at="2022-08-23T09:48:04Z" duration-ms="234" status="PASS">
          <params>
            <param index="0">
              <value>
                <![CDATA[[TestResult name=testValidLogin status=SUCCESS method=ValidLogin.testValidLogin()[pri:1, instance:script.ValidLogin@6f96c77] output={null}]]]>
              </value>
            </param>
          </params>
          <reporter-output>
          </reporter-output>
        </test-method> <!-- closeApp -->
      </class> <!-- script.ValidLogin -->
    </test> <!-- QA -->
  </suite> <!-- Suite -->
</testng-results>
